<?xml version="1.0" encoding="utf-8"?>
<TestRun id="475609e7-c6c3-4cc4-a188-208ec7ab9146" name="@jdnb 2024-01-22 17:27:36" xmlns="http://microsoft.com/schemas/VisualStudio/TeamTest/2010">
  <Times creation="2024-01-22T17:27:36.9895600+01:00" queuing="2024-01-22T17:27:36.9895601+01:00" start="2024-01-22T17:27:35.9526872+01:00" finish="2024-01-22T17:27:36.9974078+01:00" />
  <TestSettings name="default" id="0d4a6943-a573-4d35-a015-92e88f59267e">
    <Deployment runDeploymentRoot="_jdnb_2024-01-22_17_27_36" />
  </TestSettings>
  <Results>
    <UnitTestResult executionId="03d3f3ac-8d39-46a3-a801-3175899fc83d" testId="7bad1b83-6224-6081-9b29-257d4633d3ee" testName="VoidTest" computerName="jdnb" duration="00:00:00.0019911" startTime="2024-01-22T17:27:36.7308156+01:00" endTime="2024-01-22T17:27:36.7308317+01:00" testType="13cdc9d9-ddb5-4fa4-a97d-d965ccfc6d4b" outcome="Passed" testListId="8c84fa94-04c1-424b-9868-57a2d4851a1d" relativeResultsDirectory="03d3f3ac-8d39-46a3-a801-3175899fc83d" />
  </Results>
  <TestDefinitions>
    <UnitTest name="VoidTest" storage="/home/jan/dev/terra/test-project/tests/terraverse.testproject.samplelib1.integrationtests/bin/release/net8.0/terraverse.testproject.samplelib1.integrationtests.dll" id="7bad1b83-6224-6081-9b29-257d4633d3ee">
      <Execution id="03d3f3ac-8d39-46a3-a801-3175899fc83d" />
      <TestMethod codeBase="/home/jan/dev/terra/test-project/tests/Terraverse.TestProject.SampleLib1.IntegrationTests/bin/Release/net8.0/Terraverse.TestProject.SampleLib1.IntegrationTests.dll" adapterTypeName="executor://xunit/VsTestRunner2/netcoreapp" className="Terraverse.TestProject.SampleLib1.IntegrationTests.NoTestsInFact" name="VoidTest" />
    </UnitTest>
  </TestDefinitions>
  <TestEntries>
    <TestEntry testId="7bad1b83-6224-6081-9b29-257d4633d3ee" executionId="03d3f3ac-8d39-46a3-a801-3175899fc83d" testListId="8c84fa94-04c1-424b-9868-57a2d4851a1d" />
  </TestEntries>
  <TestLists>
    <TestList name="Results Not in a List" id="8c84fa94-04c1-424b-9868-57a2d4851a1d" />
    <TestList name="All Loaded Results" id="19431567-8539-422a-85d7-44ee4e166bda" />
  </TestLists>
  <ResultSummary outcome="Completed">
    <Counters total="1" executed="1" passed="1" failed="0" error="0" timeout="0" aborted="0" inconclusive="0" passedButRunAborted="0" notRunnable="0" notExecuted="0" disconnected="0" warning="0" completed="0" inProgress="0" pending="0" />
    <Output>
      <StdOut>[xUnit.net 00:00:00.00] xUnit.net VSTest Adapter v2.5.3.1+6b60a9e56a (64-bit .NET 8.0.0)
[xUnit.net 00:00:00.05]   Discovering: Terraverse.TestProject.SampleLib1.IntegrationTests (method display = Method, method display options = All)
[xUnit.net 00:00:00.08]   Discovered:  Terraverse.TestProject.SampleLib1.IntegrationTests (found 1 test case)
[xUnit.net 00:00:00.08]   Starting:    Terraverse.TestProject.SampleLib1.IntegrationTests (parallel test collections = on, max threads = 16)
[xUnit.net 00:00:00.13]   Finished:    Terraverse.TestProject.SampleLib1.IntegrationTests
</StdOut>
    </Output>
    <CollectorDataEntries>
      <Collector agentName="jdnb" uri="datacollector://microsoft/CoverletCodeCoverage/1.0" collectorDisplayName="XPlat code coverage">
        <UriAttachments>
          <UriAttachment>
            <A href="jdnb/coverage.cobertura.xml"></A>
          </UriAttachment>
        </UriAttachments>
      </Collector>
    </CollectorDataEntries>
  </ResultSummary>
</TestRun>