<?xml version="1.0" encoding="utf-8"?>
<TestRun id="37a2f22c-7e31-4601-9a47-029a293ea57e" name="@jdnb 2024-01-22 17:27:37" xmlns="http://microsoft.com/schemas/VisualStudio/TeamTest/2010">
  <Times creation="2024-01-22T17:27:37.0554747+01:00" queuing="2024-01-22T17:27:37.0554748+01:00" start="2024-01-22T17:27:35.9505237+01:00" finish="2024-01-22T17:27:37.0638930+01:00" />
  <TestSettings name="default" id="94f92a95-5c2b-4358-981b-d85671a7636f">
    <Deployment runDeploymentRoot="_jdnb_2024-01-22_17_27_37" />
  </TestSettings>
  <Results>
    <UnitTestResult executionId="55e9f33b-6b60-46aa-857f-e42aeeb9243b" testId="599b3240-4d18-e56d-9651-2b50086a764d" testName="BombThrows" computerName="jdnb" duration="00:00:00.0004534" startTime="2024-01-22T17:27:36.7697037+01:00" endTime="2024-01-22T17:27:36.7697037+01:00" testType="13cdc9d9-ddb5-4fa4-a97d-d965ccfc6d4b" outcome="Passed" testListId="8c84fa94-04c1-424b-9868-57a2d4851a1d" relativeResultsDirectory="55e9f33b-6b60-46aa-857f-e42aeeb9243b" />
    <UnitTestResult executionId="51529d25-8bf7-41ca-ac89-e477a87134ed" testId="6b21e392-76be-9cac-dc7d-a32e33e17bcd" testName="Adding(a: 2, b: -1, expected: 1)" computerName="jdnb" duration="00:00:00.0000047" startTime="2024-01-22T17:27:36.7694848+01:00" endTime="2024-01-22T17:27:36.7694848+01:00" testType="13cdc9d9-ddb5-4fa4-a97d-d965ccfc6d4b" outcome="Passed" testListId="8c84fa94-04c1-424b-9868-57a2d4851a1d" relativeResultsDirectory="51529d25-8bf7-41ca-ac89-e477a87134ed" />
    <UnitTestResult executionId="6223e879-cea1-4212-89bf-ae1a42b70e45" testId="ce25473f-55ef-2401-2432-ba3ae09c7919" testName="Adding(a: 1, b: 1, expected: 2)" computerName="jdnb" duration="00:00:00.0002167" startTime="2024-01-22T17:27:36.7692490+01:00" endTime="2024-01-22T17:27:36.7692490+01:00" testType="13cdc9d9-ddb5-4fa4-a97d-d965ccfc6d4b" outcome="Passed" testListId="8c84fa94-04c1-424b-9868-57a2d4851a1d" relativeResultsDirectory="6223e879-cea1-4212-89bf-ae1a42b70e45" />
    <UnitTestResult executionId="797aeebd-07c6-4f7a-bae1-9e4ce0438964" testId="f974e30e-06f9-26e7-a228-2c45ff652bae" testName="Adding(a: 0, b: 0, expected: 0)" computerName="jdnb" duration="00:00:00.0016140" startTime="2024-01-22T17:27:36.7690207+01:00" endTime="2024-01-22T17:27:36.7690208+01:00" testType="13cdc9d9-ddb5-4fa4-a97d-d965ccfc6d4b" outcome="Passed" testListId="8c84fa94-04c1-424b-9868-57a2d4851a1d" relativeResultsDirectory="797aeebd-07c6-4f7a-bae1-9e4ce0438964" />
    <UnitTestResult executionId="f2e89226-6594-4dc4-84b7-6dfc207b8e7a" testId="4f9fbc49-f427-245a-c6e5-fdf897e47f20" testName="Hypo(a: 2, b: -3, almostExpected: 13)" computerName="jdnb" duration="00:00:00.0000019" startTime="2024-01-22T17:27:36.7687710+01:00" endTime="2024-01-22T17:27:36.7687710+01:00" testType="13cdc9d9-ddb5-4fa4-a97d-d965ccfc6d4b" outcome="Passed" testListId="8c84fa94-04c1-424b-9868-57a2d4851a1d" relativeResultsDirectory="f2e89226-6594-4dc4-84b7-6dfc207b8e7a" />
    <UnitTestResult executionId="52c5afd8-eee7-4c46-a9f9-d41b102a0326" testId="9946ccec-2dd2-b83e-1e08-0cf100d80080" testName="Hypo(a: 0, b: 0, almostExpected: 0)" computerName="jdnb" duration="00:00:00.0000088" startTime="2024-01-22T17:27:36.7685433+01:00" endTime="2024-01-22T17:27:36.7685433+01:00" testType="13cdc9d9-ddb5-4fa4-a97d-d965ccfc6d4b" outcome="Passed" testListId="8c84fa94-04c1-424b-9868-57a2d4851a1d" relativeResultsDirectory="52c5afd8-eee7-4c46-a9f9-d41b102a0326" />
    <UnitTestResult executionId="40526b85-3b1f-4528-9235-32fd76bfe545" testId="9d5e6bb9-6fc1-1824-4f02-1d0e773987ce" testName="Hypo(a: 2, b: 3, almostExpected: 13)" computerName="jdnb" duration="00:00:00.0057335" startTime="2024-01-22T17:27:36.7611798+01:00" endTime="2024-01-22T17:27:36.7611954+01:00" testType="13cdc9d9-ddb5-4fa4-a97d-d965ccfc6d4b" outcome="Passed" testListId="8c84fa94-04c1-424b-9868-57a2d4851a1d" relativeResultsDirectory="40526b85-3b1f-4528-9235-32fd76bfe545" />
    <UnitTestResult executionId="3499ad9f-0fea-4fb3-a0dc-64f8096f8322" testId="45c39f1a-7fa0-7def-f4e8-9f1d76f15087" testName="Hypo(a: 1, b: 1, almostExpected: 2)" computerName="jdnb" duration="00:00:00.0001992" startTime="2024-01-22T17:27:36.7679852+01:00" endTime="2024-01-22T17:27:36.7679853+01:00" testType="13cdc9d9-ddb5-4fa4-a97d-d965ccfc6d4b" outcome="Passed" testListId="8c84fa94-04c1-424b-9868-57a2d4851a1d" relativeResultsDirectory="3499ad9f-0fea-4fb3-a0dc-64f8096f8322" />
  </Results>
  <TestDefinitions>
    <UnitTest name="Adding(a: 0, b: 0, expected: 0)" storage="/home/jan/dev/terra/test-project/tests/terraverse.testproject.samplelib1.tests/bin/release/net8.0/terraverse.testproject.samplelib1.tests.dll" id="f974e30e-06f9-26e7-a228-2c45ff652bae">
      <Execution id="797aeebd-07c6-4f7a-bae1-9e4ce0438964" />
      <TestMethod codeBase="/home/jan/dev/terra/test-project/tests/Terraverse.TestProject.SampleLib1.Tests/bin/Release/net8.0/Terraverse.TestProject.SampleLib1.Tests.dll" adapterTypeName="executor://xunit/VsTestRunner2/netcoreapp" className="Terraverse.TestProject.SampleLib1.Tests.UselessMathTests" name="Adding" />
    </UnitTest>
    <UnitTest name="Hypo(a: 1, b: 1, almostExpected: 2)" storage="/home/jan/dev/terra/test-project/tests/terraverse.testproject.samplelib1.tests/bin/release/net8.0/terraverse.testproject.samplelib1.tests.dll" id="45c39f1a-7fa0-7def-f4e8-9f1d76f15087">
      <Execution id="3499ad9f-0fea-4fb3-a0dc-64f8096f8322" />
      <TestMethod codeBase="/home/jan/dev/terra/test-project/tests/Terraverse.TestProject.SampleLib1.Tests/bin/Release/net8.0/Terraverse.TestProject.SampleLib1.Tests.dll" adapterTypeName="executor://xunit/VsTestRunner2/netcoreapp" className="Terraverse.TestProject.SampleLib1.Tests.UselessMathTests" name="Hypo" />
    </UnitTest>
    <UnitTest name="Hypo(a: 2, b: -3, almostExpected: 13)" storage="/home/jan/dev/terra/test-project/tests/terraverse.testproject.samplelib1.tests/bin/release/net8.0/terraverse.testproject.samplelib1.tests.dll" id="4f9fbc49-f427-245a-c6e5-fdf897e47f20">
      <Execution id="f2e89226-6594-4dc4-84b7-6dfc207b8e7a" />
      <TestMethod codeBase="/home/jan/dev/terra/test-project/tests/Terraverse.TestProject.SampleLib1.Tests/bin/Release/net8.0/Terraverse.TestProject.SampleLib1.Tests.dll" adapterTypeName="executor://xunit/VsTestRunner2/netcoreapp" className="Terraverse.TestProject.SampleLib1.Tests.UselessMathTests" name="Hypo" />
    </UnitTest>
    <UnitTest name="Adding(a: 2, b: -1, expected: 1)" storage="/home/jan/dev/terra/test-project/tests/terraverse.testproject.samplelib1.tests/bin/release/net8.0/terraverse.testproject.samplelib1.tests.dll" id="6b21e392-76be-9cac-dc7d-a32e33e17bcd">
      <Execution id="51529d25-8bf7-41ca-ac89-e477a87134ed" />
      <TestMethod codeBase="/home/jan/dev/terra/test-project/tests/Terraverse.TestProject.SampleLib1.Tests/bin/Release/net8.0/Terraverse.TestProject.SampleLib1.Tests.dll" adapterTypeName="executor://xunit/VsTestRunner2/netcoreapp" className="Terraverse.TestProject.SampleLib1.Tests.UselessMathTests" name="Adding" />
    </UnitTest>
    <UnitTest name="Hypo(a: 0, b: 0, almostExpected: 0)" storage="/home/jan/dev/terra/test-project/tests/terraverse.testproject.samplelib1.tests/bin/release/net8.0/terraverse.testproject.samplelib1.tests.dll" id="9946ccec-2dd2-b83e-1e08-0cf100d80080">
      <Execution id="52c5afd8-eee7-4c46-a9f9-d41b102a0326" />
      <TestMethod codeBase="/home/jan/dev/terra/test-project/tests/Terraverse.TestProject.SampleLib1.Tests/bin/Release/net8.0/Terraverse.TestProject.SampleLib1.Tests.dll" adapterTypeName="executor://xunit/VsTestRunner2/netcoreapp" className="Terraverse.TestProject.SampleLib1.Tests.UselessMathTests" name="Hypo" />
    </UnitTest>
    <UnitTest name="Hypo(a: 2, b: 3, almostExpected: 13)" storage="/home/jan/dev/terra/test-project/tests/terraverse.testproject.samplelib1.tests/bin/release/net8.0/terraverse.testproject.samplelib1.tests.dll" id="9d5e6bb9-6fc1-1824-4f02-1d0e773987ce">
      <Execution id="40526b85-3b1f-4528-9235-32fd76bfe545" />
      <TestMethod codeBase="/home/jan/dev/terra/test-project/tests/Terraverse.TestProject.SampleLib1.Tests/bin/Release/net8.0/Terraverse.TestProject.SampleLib1.Tests.dll" adapterTypeName="executor://xunit/VsTestRunner2/netcoreapp" className="Terraverse.TestProject.SampleLib1.Tests.UselessMathTests" name="Hypo" />
    </UnitTest>
    <UnitTest name="Adding(a: 1, b: 1, expected: 2)" storage="/home/jan/dev/terra/test-project/tests/terraverse.testproject.samplelib1.tests/bin/release/net8.0/terraverse.testproject.samplelib1.tests.dll" id="ce25473f-55ef-2401-2432-ba3ae09c7919">
      <Execution id="6223e879-cea1-4212-89bf-ae1a42b70e45" />
      <TestMethod codeBase="/home/jan/dev/terra/test-project/tests/Terraverse.TestProject.SampleLib1.Tests/bin/Release/net8.0/Terraverse.TestProject.SampleLib1.Tests.dll" adapterTypeName="executor://xunit/VsTestRunner2/netcoreapp" className="Terraverse.TestProject.SampleLib1.Tests.UselessMathTests" name="Adding" />
    </UnitTest>
    <UnitTest name="BombThrows" storage="/home/jan/dev/terra/test-project/tests/terraverse.testproject.samplelib1.tests/bin/release/net8.0/terraverse.testproject.samplelib1.tests.dll" id="599b3240-4d18-e56d-9651-2b50086a764d">
      <Execution id="55e9f33b-6b60-46aa-857f-e42aeeb9243b" />
      <TestMethod codeBase="/home/jan/dev/terra/test-project/tests/Terraverse.TestProject.SampleLib1.Tests/bin/Release/net8.0/Terraverse.TestProject.SampleLib1.Tests.dll" adapterTypeName="executor://xunit/VsTestRunner2/netcoreapp" className="Terraverse.TestProject.SampleLib1.Tests.UselessMathTests" name="BombThrows" />
    </UnitTest>
  </TestDefinitions>
  <TestEntries>
    <TestEntry testId="599b3240-4d18-e56d-9651-2b50086a764d" executionId="55e9f33b-6b60-46aa-857f-e42aeeb9243b" testListId="8c84fa94-04c1-424b-9868-57a2d4851a1d" />
    <TestEntry testId="6b21e392-76be-9cac-dc7d-a32e33e17bcd" executionId="51529d25-8bf7-41ca-ac89-e477a87134ed" testListId="8c84fa94-04c1-424b-9868-57a2d4851a1d" />
    <TestEntry testId="ce25473f-55ef-2401-2432-ba3ae09c7919" executionId="6223e879-cea1-4212-89bf-ae1a42b70e45" testListId="8c84fa94-04c1-424b-9868-57a2d4851a1d" />
    <TestEntry testId="f974e30e-06f9-26e7-a228-2c45ff652bae" executionId="797aeebd-07c6-4f7a-bae1-9e4ce0438964" testListId="8c84fa94-04c1-424b-9868-57a2d4851a1d" />
    <TestEntry testId="4f9fbc49-f427-245a-c6e5-fdf897e47f20" executionId="f2e89226-6594-4dc4-84b7-6dfc207b8e7a" testListId="8c84fa94-04c1-424b-9868-57a2d4851a1d" />
    <TestEntry testId="9946ccec-2dd2-b83e-1e08-0cf100d80080" executionId="52c5afd8-eee7-4c46-a9f9-d41b102a0326" testListId="8c84fa94-04c1-424b-9868-57a2d4851a1d" />
    <TestEntry testId="9d5e6bb9-6fc1-1824-4f02-1d0e773987ce" executionId="40526b85-3b1f-4528-9235-32fd76bfe545" testListId="8c84fa94-04c1-424b-9868-57a2d4851a1d" />
    <TestEntry testId="45c39f1a-7fa0-7def-f4e8-9f1d76f15087" executionId="3499ad9f-0fea-4fb3-a0dc-64f8096f8322" testListId="8c84fa94-04c1-424b-9868-57a2d4851a1d" />
  </TestEntries>
  <TestLists>
    <TestList name="Results Not in a List" id="8c84fa94-04c1-424b-9868-57a2d4851a1d" />
    <TestList name="All Loaded Results" id="19431567-8539-422a-85d7-44ee4e166bda" />
  </TestLists>
  <ResultSummary outcome="Completed">
    <Counters total="8" executed="8" passed="8" failed="0" error="0" timeout="0" aborted="0" inconclusive="0" passedButRunAborted="0" notRunnable="0" notExecuted="0" disconnected="0" warning="0" completed="0" inProgress="0" pending="0" />
    <Output>
      <StdOut>[xUnit.net 00:00:00.00] xUnit.net VSTest Adapter v2.5.3.1+6b60a9e56a (64-bit .NET 8.0.0)
[xUnit.net 00:00:00.06]   Discovering: Terraverse.TestProject.SampleLib1.Tests (method display = Method, method display options = All)
[xUnit.net 00:00:00.09]   Discovered:  Terraverse.TestProject.SampleLib1.Tests (found 8 test cases)
[xUnit.net 00:00:00.09]   Starting:    Terraverse.TestProject.SampleLib1.Tests (parallel test collections = on, max threads = 16)
[xUnit.net 00:00:00.15]   Finished:    Terraverse.TestProject.SampleLib1.Tests
</StdOut>
    </Output>
    <CollectorDataEntries>
      <Collector agentName="jdnb" uri="datacollector://microsoft/CoverletCodeCoverage/1.0" collectorDisplayName="XPlat code coverage">
        <UriAttachments>
          <UriAttachment>
            <A href="jdnb/coverage.cobertura.xml"></A>
          </UriAttachment>
        </UriAttachments>
      </Collector>
    </CollectorDataEntries>
  </ResultSummary>
</TestRun>